Generated at 2015-03-24 11:28:21 -0400
SystemExit: apt_package[vim] (vim::package line 30) had an error: SystemExit: exit
/opt/chef/embedded/apps/chef/lib/chef/application.rb:405:in `exit'
/opt/chef/embedded/apps/chef/lib/chef/application.rb:405:in `fatal!'
/opt/chef/embedded/apps/chef/lib/chef/application.rb:65:in `block in setup_signal_handlers'
/opt/chef/embedded/lib/ruby/gems/2.1.0/gems/mixlib-shellout-2.0.1/lib/mixlib/shellout/unix.rb:243:in `call'
/opt/chef/embedded/lib/ruby/gems/2.1.0/gems/mixlib-shellout-2.0.1/lib/mixlib/shellout/unix.rb:243:in `select'
/opt/chef/embedded/lib/ruby/gems/2.1.0/gems/mixlib-shellout-2.0.1/lib/mixlib/shellout/unix.rb:243:in `attempt_buffer_read'
/opt/chef/embedded/lib/ruby/gems/2.1.0/gems/mixlib-shellout-2.0.1/lib/mixlib/shellout/unix.rb:74:in `run_command'
/opt/chef/embedded/lib/ruby/gems/2.1.0/gems/mixlib-shellout-2.0.1/lib/mixlib/shellout.rb:248:in `run_command'
/opt/chef/embedded/apps/chef/lib/chef/mixin/shell_out.rb:97:in `shell_out_command'
/opt/chef/embedded/apps/chef/lib/chef/mixin/shell_out.rb:50:in `shell_out'
/opt/chef/embedded/apps/chef/lib/chef/mixin/shell_out.rb:55:in `shell_out!'
/opt/chef/embedded/apps/chef/lib/chef/provider/package/apt.rb:178:in `run_noninteractive'
/opt/chef/embedded/apps/chef/lib/chef/provider/package/apt.rb:144:in `install_package'
/opt/chef/embedded/apps/chef/lib/chef/provider/package.rb:87:in `block in action_install'
/opt/chef/embedded/apps/chef/lib/chef/mixin/why_run.rb:52:in `call'
/opt/chef/embedded/apps/chef/lib/chef/mixin/why_run.rb:52:in `add_action'
/opt/chef/embedded/apps/chef/lib/chef/provider.rb:180:in `converge_by'
/opt/chef/embedded/apps/chef/lib/chef/provider/package.rb:86:in `action_install'
/opt/chef/embedded/apps/chef/lib/chef/provider.rb:145:in `run_action'
/opt/chef/embedded/apps/chef/lib/chef/resource.rb:561:in `run_action'
/opt/chef/embedded/apps/chef/lib/chef/runner.rb:49:in `run_action'
/opt/chef/embedded/apps/chef/lib/chef/runner.rb:81:in `block (2 levels) in converge'
/opt/chef/embedded/apps/chef/lib/chef/runner.rb:81:in `each'
/opt/chef/embedded/apps/chef/lib/chef/runner.rb:81:in `block in converge'
/opt/chef/embedded/apps/chef/lib/chef/resource_collection/resource_list.rb:83:in `block in execute_each_resource'
/opt/chef/embedded/apps/chef/lib/chef/resource_collection/stepable_iterator.rb:116:in `call'
/opt/chef/embedded/apps/chef/lib/chef/resource_collection/stepable_iterator.rb:116:in `call_iterator_block'
/opt/chef/embedded/apps/chef/lib/chef/resource_collection/stepable_iterator.rb:85:in `step'
/opt/chef/embedded/apps/chef/lib/chef/resource_collection/stepable_iterator.rb:104:in `iterate'
/opt/chef/embedded/apps/chef/lib/chef/resource_collection/stepable_iterator.rb:55:in `each_with_index'
/opt/chef/embedded/apps/chef/lib/chef/resource_collection/resource_list.rb:81:in `execute_each_resource'
/opt/chef/embedded/apps/chef/lib/chef/runner.rb:80:in `converge'
/opt/chef/embedded/apps/chef/lib/chef/client.rb:331:in `block in converge'
/opt/chef/embedded/apps/chef/lib/chef/client.rb:326:in `catch'
/opt/chef/embedded/apps/chef/lib/chef/client.rb:326:in `converge'
/opt/chef/embedded/apps/chef/lib/chef/client.rb:345:in `converge_and_save'
/opt/chef/embedded/apps/chef/lib/chef/client.rb:449:in `run'
/opt/chef/embedded/apps/chef/lib/chef/application.rb:271:in `block in fork_chef_client'
/opt/chef/embedded/apps/chef/lib/chef/application.rb:259:in `fork'
/opt/chef/embedded/apps/chef/lib/chef/application.rb:259:in `fork_chef_client'
/opt/chef/embedded/apps/chef/lib/chef/application.rb:225:in `block in run_chef_client'
/opt/chef/embedded/apps/chef/lib/chef/local_mode.rb:38:in `with_server_connectivity'
/opt/chef/embedded/apps/chef/lib/chef/application.rb:213:in `run_chef_client'
/opt/chef/embedded/apps/chef/lib/chef/application/solo.rb:275:in `block in interval_run_chef_client'
/opt/chef/embedded/apps/chef/lib/chef/application/solo.rb:264:in `loop'
/opt/chef/embedded/apps/chef/lib/chef/application/solo.rb:264:in `interval_run_chef_client'
/opt/chef/embedded/apps/chef/lib/chef/application/solo.rb:242:in `run_application'
/opt/chef/embedded/apps/chef/lib/chef/application.rb:60:in `run'
/opt/chef/embedded/apps/chef/bin/chef-solo:25:in `<top (required)>'
/usr/bin/chef-solo:52:in `load'
/usr/bin/chef-solo:52:in `<main>'